<?xml version="1.0" encoding="UTF-8"?>
<beans xmlns="http://www.springframework.org/schema/beans"
       xmlns:xsi="http://www.w3.org/2001/XMLSchema-instance"
       xmlns:context="http://www.springframework.org/schema/context"
       xmlns:mvc="http://www.springframework.org/schema/mvc"
       xmlns:task="http://www.springframework.org/schema/task"
       xmlns:aop="http://www.springframework.org/schema/aop"
       xsi:schemaLocation="http://www.springframework.org/schema/beans http://www.springframework.org/schema/beans/spring-beans.xsd
                           http://www.springframework.org/schema/aop http://www.springframework.org/schema/aop/spring-aop-3.1.xsd
                           http://www.springframework.org/schema/task http://www.springframework.org/schema/task/spring-task-3.1.xsd
                           http://www.springframework.org/schema/context http://www.springframework.org/schema/context/spring-context-3.1.xsd
                           http://www.springframework.org/schema/mvc http://www.springframework.org/schema/mvc/spring-mvc-3.0.xsd">
    <context:component-scan base-package="com.yuze">
    </context:component-scan>
    <!-- 定时器任务注解 -->
    <task:annotation-driven/>

    <!-- default -->
    <mvc:default-servlet-handler/>

    <!-- 代理 -->
    <aop:aspectj-autoproxy/>

    <!--视图渲染-->
    <bean id="internalResourceViewResolver" class="org.springframework.web.servlet.view.InternalResourceViewResolver">
        <property name="viewClass" value="org.springframework.web.servlet.view.JstlView"/>
        <property name="prefix" value="/WEB-INF/jsps/"/>
        <property name="suffix" value=".jsp"/>
    </bean>

    <import resource="classpath*:spring/applicationContext-mybatis.xml"/>
    <import resource="classpath*:spring/applicationContext-shiro.xml"/>
    <import resource="classpath*:spring/applicationContext-spring.xml"/>
    <import resource="classpath*:spring/springMVC-servlet.xml"/>

</beans>